<?xml version="1.0" encoding="UTF-8"?>
<!-- Generated by org.testng.reporters.JUnitReportReporter -->
<testsuite hostname="DESKTOP-EN7BJGS" failures="0" tests="2" name="RdAutomation.SeleniumFrameworkDesign.ErrorValidations" time="27.545" errors="0" timestamp="2024-03-20T12:16:23 IST" skipped="0">
  <testcase classname="RdAutomation.SeleniumFrameworkDesign.ErrorValidations" name="ProductErrorValidation" time="23.995"/>
  <testcase classname="RdAutomation.SeleniumFrameworkDesign.ErrorValidations" name="LoginErrorValidation" time="3.550"/>
</testsuite> <!-- RdAutomation.SeleniumFrameworkDesign.ErrorValidations -->
