<?xml version="1.0" encoding="UTF-8"?>
<!-- Generated by org.testng.reporters.JUnitReportReporter -->
<testsuite hostname="DESKTOP-EN7BJGS" failures="0" tests="1" name="cucumber.Options.TestNGTestRunner" time="29.430" errors="0" timestamp="2024-03-04T20:17:57 IST" skipped="0">
  <testcase classname="cucumber.Options.TestNGTestRunner" name="runScenario" time="29.430"/>
</testsuite> <!-- cucumber.Options.TestNGTestRunner -->
