<?xml version="1.0" encoding="UTF-8"?>
<!-- Generated by org.testng.reporters.JUnitReportReporter -->
<testsuite hostname="DESKTOP-EN7BJGS" failures="0" tests="2" name="RdAutomation.SeleniumFrameworkDesign.eCommerceSubmitOrders" time="46.429" errors="0" timestamp="2024-03-26T12:32:07 IST" skipped="0">
  <testcase classname="RdAutomation.SeleniumFrameworkDesign.eCommerceSubmitOrders" name="SubmitOrder" time="23.094"/>
  <testcase classname="RdAutomation.SeleniumFrameworkDesign.eCommerceSubmitOrders" name="SubmitOrder" time="23.335"/>
</testsuite> <!-- RdAutomation.SeleniumFrameworkDesign.eCommerceSubmitOrders -->
