<?xml version="1.0" encoding="UTF-8"?>
<!-- Generated by org.testng.reporters.JUnitReportReporter -->
<testsuite hostname="DESKTOP-EN7BJGS" failures="0" tests="4" name="RdAutomation.SeleniumFrameworkDesign.eCommerceSubmitOrders" time="66.861" errors="0" timestamp="2024-04-10T13:55:04 IST" skipped="0">
  <testcase classname="RdAutomation.SeleniumFrameworkDesign.eCommerceSubmitOrders" name="OrderHistoryTest" time="11.724"/>
  <testcase classname="RdAutomation.SeleniumFrameworkDesign.eCommerceSubmitOrders" name="OrderHistoryTest" time="5.757"/>
  <testcase classname="RdAutomation.SeleniumFrameworkDesign.eCommerceSubmitOrders" name="SubmitOrder" time="25.515"/>
  <testcase classname="RdAutomation.SeleniumFrameworkDesign.eCommerceSubmitOrders" name="SubmitOrder" time="23.865"/>
</testsuite> <!-- RdAutomation.SeleniumFrameworkDesign.eCommerceSubmitOrders -->
